<?xml version="1.0" encoding="UTF-8"?>
<testsuite name="com.janus.DashboardResourceTest" tests="6" skipped="0" failures="0" errors="0" timestamp="2026-02-26T04:07:33.956Z" hostname="Franmens-Mac-mini.local" time="0.52">
  <properties/>
  <testcase name="testGetMetrics()" classname="com.janus.DashboardResourceTest" time="0.16"/>
  <testcase name="testMetricsWithFilters()" classname="com.janus.DashboardResourceTest" time="0.08"/>
  <testcase name="testAccountingCanAccessDashboard()" classname="com.janus.DashboardResourceTest" time="0.071"/>
  <testcase name="testAgentCanAccessDashboard()" classname="com.janus.DashboardResourceTest" time="0.069"/>
  <testcase name="testClientCannotAccessDashboard()" classname="com.janus.DashboardResourceTest" time="0.069"/>
  <testcase name="testCarrierCannotAccessDashboard()" classname="com.janus.DashboardResourceTest" time="0.069"/>
  <system-out><![CDATA[]]></system-out>
  <system-err><![CDATA[]]></system-err>
</testsuite>
