<?xml version="1.0" encoding="UTF-8"?>
<testsuite name="com.janus.CommentResourceTest" tests="6" skipped="0" failures="0" errors="0" timestamp="2026-02-26T04:07:32.812Z" hostname="Franmens-Mac-mini.local" time="0.447">
  <properties/>
  <testcase name="testSetup()" classname="com.janus.CommentResourceTest" time="0.075"/>
  <testcase name="testAddComment()" classname="com.janus.CommentResourceTest" time="0.085"/>
  <testcase name="testListComments()" classname="com.janus.CommentResourceTest" time="0.074"/>
  <testcase name="testClientCanListComments()" classname="com.janus.CommentResourceTest" time="0.07"/>
  <testcase name="testClientCannotAddComment()" classname="com.janus.CommentResourceTest" time="0.071"/>
  <testcase name="testCarrierCannotListComments()" classname="com.janus.CommentResourceTest" time="0.069"/>
  <system-out><![CDATA[]]></system-out>
  <system-err><![CDATA[]]></system-err>
</testsuite>
