<?xml version="1.0" encoding="UTF-8"?>
<testsuite name="com.janus.OperationResourceTest" tests="24" skipped="0" failures="0" errors="0" timestamp="2026-02-26T04:07:44.895Z" hostname="Franmens-Mac-mini.local" time="4.802">
  <properties/>
  <testcase name="testListRequiresAuth()" classname="com.janus.OperationResourceTest" time="0.003"/>
  <testcase name="testCarrierCannotListOperations()" classname="com.janus.OperationResourceTest" time="0.064"/>
  <testcase name="testClientCannotCreateOperation()" classname="com.janus.OperationResourceTest" time="0.065"/>
  <testcase name="testAccountingCannotCreateOperation()" classname="com.janus.OperationResourceTest" time="0.065"/>
  <testcase name="testCreateOperation()" classname="com.janus.OperationResourceTest" time="0.09"/>
  <testcase name="testGetOperationById()" classname="com.janus.OperationResourceTest" time="0.078"/>
  <testcase name="testListAllOperations()" classname="com.janus.OperationResourceTest" time="0.081"/>
  <testcase name="testUpdateOperation()" classname="com.janus.OperationResourceTest" time="0.08"/>
  <testcase name="testFilterByStatus()" classname="com.janus.OperationResourceTest" time="0.073"/>
  <testcase name="testFilterByClientId()" classname="com.janus.OperationResourceTest" time="0.081"/>
  <testcase name="testAgentCanCreateOperation()" classname="com.janus.OperationResourceTest" time="0.074"/>
  <testcase name="testGetNonExistentOperation()" classname="com.janus.OperationResourceTest" time="0.096"/>
  <testcase name="testValidStatusTransition()" classname="com.janus.OperationResourceTest" time="0.353"/>
  <testcase name="testInvalidStatusTransition()" classname="com.janus.OperationResourceTest" time="0.081"/>
  <testcase name="testClosedSetsClosedAt()" classname="com.janus.OperationResourceTest" time="1.495"/>
  <testcase name="testUpdateClosedOperationForbidden()" classname="com.janus.OperationResourceTest" time="1.373"/>
  <testcase name="testDeleteDraftOperation()" classname="com.janus.OperationResourceTest" time="0.149"/>
  <testcase name="testDeleteNonDraftForbidden()" classname="com.janus.OperationResourceTest" time="0.071"/>
  <testcase name="testDeleteNonExistent()" classname="com.janus.OperationResourceTest" time="0.067"/>
  <testcase name="testNonAdminCannotDelete()" classname="com.janus.OperationResourceTest" time="0.07"/>
  <testcase name="testGetHistory()" classname="com.janus.OperationResourceTest" time="0.074"/>
  <testcase name="testHistoryContainsStatusChange()" classname="com.janus.OperationResourceTest" time="0.071"/>
  <testcase name="testAccountingCanListOperations()" classname="com.janus.OperationResourceTest" time="0.068"/>
  <testcase name="testClientCanListOperations()" classname="com.janus.OperationResourceTest" time="0.068"/>
  <system-out><![CDATA[2026-02-26 00:07:45,820 INFO  [com.jan.doc.inf.sto.LocalStorageService] (executor-thread-1) File stored: ./storage/OP-2026-00014/766b9b92-b4cb-4c6b-a6f1-0b87079de8f0_test-doc17576330612043538937.pdf
2026-02-26 00:07:45,890 INFO  [com.jan.doc.inf.sto.LocalStorageService] (executor-thread-2) File stored: ./storage/OP-2026-00014/5a4db39d-4bd0-4b6f-9dba-c8b8069e688e_test-doc3460651971006029570.pdf
2026-02-26 00:07:45,959 INFO  [com.jan.doc.inf.sto.LocalStorageService] (executor-thread-1) File stored: ./storage/OP-2026-00014/e8f1c2eb-e864-4f99-8da2-20545d90e0ef_test-doc4071169162231414664.pdf
2026-02-26 00:07:46,032 INFO  [com.jan.not.inf.EmailNotificationAdapter] (executor-thread-2) Sending email to info@demoimport.com: Operation OP-2026-00014 - Status Update
2026-02-26 00:07:46,032 INFO  [quarkus-mailer] (executor-thread-2) Sending email Operation OP-2026-00014 - Status Update from null to [info@demoimport.com] (cc: [], bcc: []), text body: 
Your operation OP-2026-00014 has been updated to status: DOCUMENTATION_COMPLETE.

Please log in to the Janus platform for more details.

html body: 
<empty>
2026-02-26 00:07:46,327 INFO  [com.jan.doc.inf.sto.LocalStorageService] (executor-thread-2) File stored: ./storage/OP-2026-00016/61b9c2bd-9c44-4ae1-99bc-2bb1141ac067_test-doc13839099850714285113.pdf
2026-02-26 00:07:46,395 INFO  [com.jan.doc.inf.sto.LocalStorageService] (executor-thread-1) File stored: ./storage/OP-2026-00016/b58428a9-ed12-4ac3-8a1b-d74708d1aac1_test-doc10546781060452697830.pdf
2026-02-26 00:07:46,464 INFO  [com.jan.doc.inf.sto.LocalStorageService] (executor-thread-2) File stored: ./storage/OP-2026-00016/f4c53f8a-6908-4135-b323-689f36f7f059_test-doc16857668293789006198.pdf
2026-02-26 00:07:46,740 INFO  [com.jan.not.inf.EmailNotificationAdapter] (executor-thread-1) Sending email to info@demoimport.com: Operation OP-2026-00016 - Status Update
2026-02-26 00:07:46,740 INFO  [quarkus-mailer] (executor-thread-1) Sending email Operation OP-2026-00016 - Status Update from null to [info@demoimport.com] (cc: [], bcc: []), text body: 
Your operation OP-2026-00016 has been updated to status: DOCUMENTATION_COMPLETE.

Please log in to the Janus platform for more details.

html body: 
<empty>
2026-02-26 00:07:46,809 INFO  [com.jan.not.inf.EmailNotificationAdapter] (executor-thread-1) Sending email to info@demoimport.com: Operation OP-2026-00016 - Status Update
2026-02-26 00:07:46,809 INFO  [quarkus-mailer] (executor-thread-1) Sending email Operation OP-2026-00016 - Status Update from null to [info@demoimport.com] (cc: [], bcc: []), text body: 
Your operation OP-2026-00016 has been updated to status: IN_REVIEW.

Please log in to the Janus platform for more details.

html body: 
<empty>
2026-02-26 00:07:46,878 INFO  [com.jan.not.inf.EmailNotificationAdapter] (executor-thread-1) Sending email to info@demoimport.com: Operation OP-2026-00016 - Status Update
2026-02-26 00:07:46,878 INFO  [quarkus-mailer] (executor-thread-1) Sending email Operation OP-2026-00016 - Status Update from null to [info@demoimport.com] (cc: [], bcc: []), text body: 
Your operation OP-2026-00016 has been updated to status: PRELIQUIDATION_REVIEW.

Please log in to the Janus platform for more details.

html body: 
<empty>
2026-02-26 00:07:46,947 INFO  [com.jan.not.inf.EmailNotificationAdapter] (executor-thread-1) Sending email to info@demoimport.com: Operation OP-2026-00016 - Status Update
2026-02-26 00:07:46,947 INFO  [quarkus-mailer] (executor-thread-1) Sending email Operation OP-2026-00016 - Status Update from null to [info@demoimport.com] (cc: [], bcc: []), text body: 
Your operation OP-2026-00016 has been updated to status: ANALYST_ASSIGNED.

Please log in to the Janus platform for more details.

html body: 
<empty>
2026-02-26 00:07:47,015 INFO  [com.jan.not.inf.EmailNotificationAdapter] (executor-thread-1) Sending email to info@demoimport.com: Operation OP-2026-00016 - Status Update
2026-02-26 00:07:47,015 INFO  [quarkus-mailer] (executor-thread-1) Sending email Operation OP-2026-00016 - Status Update from null to [info@demoimport.com] (cc: [], bcc: []), text body: 
Your operation OP-2026-00016 has been updated to status: DECLARATION_IN_PROGRESS.

Please log in to the Janus platform for more details.

html body: 
<empty>
2026-02-26 00:07:47,082 INFO  [com.jan.not.inf.EmailNotificationAdapter] (executor-thread-1) Sending email to info@demoimport.com: Operation OP-2026-00016 - Status Update
2026-02-26 00:07:47,083 INFO  [quarkus-mailer] (executor-thread-1) Sending email Operation OP-2026-00016 - Status Update from null to [info@demoimport.com] (cc: [], bcc: []), text body: 
Your operation OP-2026-00016 has been updated to status: SUBMITTED_TO_CUSTOMS.

Please log in to the Janus platform for more details.

html body: 
<empty>
2026-02-26 00:07:47,325 INFO  [com.jan.not.inf.EmailNotificationAdapter] (executor-thread-1) Sending email to info@demoimport.com: Operation OP-2026-00016 - Status Update
2026-02-26 00:07:47,325 INFO  [quarkus-mailer] (executor-thread-1) Sending email Operation OP-2026-00016 - Status Update from null to [info@demoimport.com] (cc: [], bcc: []), text body: 
Your operation OP-2026-00016 has been updated to status: VALUATION_REVIEW.

Please log in to the Janus platform for more details.

html body: 
<empty>
2026-02-26 00:07:47,469 INFO  [com.jan.not.inf.EmailNotificationAdapter] (executor-thread-1) Sending email to info@demoimport.com: Operation OP-2026-00016 - Status Update
2026-02-26 00:07:47,469 INFO  [quarkus-mailer] (executor-thread-1) Sending email Operation OP-2026-00016 - Status Update from null to [info@demoimport.com] (cc: [], bcc: []), text body: 
Your operation OP-2026-00016 has been updated to status: PAYMENT_PREPARATION.

Please log in to the Janus platform for more details.

html body: 
<empty>
2026-02-26 00:07:47,538 INFO  [com.jan.not.inf.EmailNotificationAdapter] (executor-thread-1) Sending email to info@demoimport.com: Operation OP-2026-00016 - Status Update
2026-02-26 00:07:47,538 INFO  [quarkus-mailer] (executor-thread-1) Sending email Operation OP-2026-00016 - Status Update from null to [info@demoimport.com] (cc: [], bcc: []), text body: 
Your operation OP-2026-00016 has been updated to status: IN_TRANSIT.

Please log in to the Janus platform for more details.

html body: 
<empty>
2026-02-26 00:07:47,607 INFO  [com.jan.not.inf.EmailNotificationAdapter] (executor-thread-1) Sending email to info@demoimport.com: Operation OP-2026-00016 - Status Update
2026-02-26 00:07:47,607 INFO  [quarkus-mailer] (executor-thread-1) Sending email Operation OP-2026-00016 - Status Update from null to [info@demoimport.com] (cc: [], bcc: []), text body: 
Your operation OP-2026-00016 has been updated to status: CLOSED.

Please log in to the Janus platform for more details.

html body: 
<empty>
2026-02-26 00:07:47,826 INFO  [com.jan.doc.inf.sto.LocalStorageService] (executor-thread-1) File stored: ./storage/OP-2026-00017/62291df8-4436-4d95-8365-6f12cf70f4b8_test-doc13776912572753515827.pdf
2026-02-26 00:07:47,893 INFO  [com.jan.doc.inf.sto.LocalStorageService] (executor-thread-2) File stored: ./storage/OP-2026-00017/83850787-02ad-4125-8b70-b954653f82f3_test-doc6669216944842234020.pdf
2026-02-26 00:07:47,960 INFO  [com.jan.doc.inf.sto.LocalStorageService] (executor-thread-1) File stored: ./storage/OP-2026-00017/144054b3-3964-4998-b86d-ff4ccf384407_test-doc16356499693324195908.pdf
2026-02-26 00:07:48,233 INFO  [com.jan.not.inf.EmailNotificationAdapter] (executor-thread-2) Sending email to info@demoimport.com: Operation OP-2026-00017 - Status Update
2026-02-26 00:07:48,233 INFO  [quarkus-mailer] (executor-thread-2) Sending email Operation OP-2026-00017 - Status Update from null to [info@demoimport.com] (cc: [], bcc: []), text body: 
Your operation OP-2026-00017 has been updated to status: DOCUMENTATION_COMPLETE.

Please log in to the Janus platform for more details.

html body: 
<empty>
2026-02-26 00:07:48,302 INFO  [com.jan.not.inf.EmailNotificationAdapter] (executor-thread-2) Sending email to info@demoimport.com: Operation OP-2026-00017 - Status Update
2026-02-26 00:07:48,302 INFO  [quarkus-mailer] (executor-thread-2) Sending email Operation OP-2026-00017 - Status Update from null to [info@demoimport.com] (cc: [], bcc: []), text body: 
Your operation OP-2026-00017 has been updated to status: IN_REVIEW.

Please log in to the Janus platform for more details.

html body: 
<empty>
2026-02-26 00:07:48,371 INFO  [com.jan.not.inf.EmailNotificationAdapter] (executor-thread-2) Sending email to info@demoimport.com: Operation OP-2026-00017 - Status Update
2026-02-26 00:07:48,371 INFO  [quarkus-mailer] (executor-thread-2) Sending email Operation OP-2026-00017 - Status Update from null to [info@demoimport.com] (cc: [], bcc: []), text body: 
Your operation OP-2026-00017 has been updated to status: PRELIQUIDATION_REVIEW.

Please log in to the Janus platform for more details.

html body: 
<empty>
2026-02-26 00:07:48,440 INFO  [com.jan.not.inf.EmailNotificationAdapter] (executor-thread-2) Sending email to info@demoimport.com: Operation OP-2026-00017 - Status Update
2026-02-26 00:07:48,440 INFO  [quarkus-mailer] (executor-thread-2) Sending email Operation OP-2026-00017 - Status Update from null to [info@demoimport.com] (cc: [], bcc: []), text body: 
Your operation OP-2026-00017 has been updated to status: ANALYST_ASSIGNED.

Please log in to the Janus platform for more details.

html body: 
<empty>
2026-02-26 00:07:48,508 INFO  [com.jan.not.inf.EmailNotificationAdapter] (executor-thread-2) Sending email to info@demoimport.com: Operation OP-2026-00017 - Status Update
2026-02-26 00:07:48,508 INFO  [quarkus-mailer] (executor-thread-2) Sending email Operation OP-2026-00017 - Status Update from null to [info@demoimport.com] (cc: [], bcc: []), text body: 
Your operation OP-2026-00017 has been updated to status: DECLARATION_IN_PROGRESS.

Please log in to the Janus platform for more details.

html body: 
<empty>
2026-02-26 00:07:48,576 INFO  [com.jan.not.inf.EmailNotificationAdapter] (executor-thread-2) Sending email to info@demoimport.com: Operation OP-2026-00017 - Status Update
2026-02-26 00:07:48,576 INFO  [quarkus-mailer] (executor-thread-2) Sending email Operation OP-2026-00017 - Status Update from null to [info@demoimport.com] (cc: [], bcc: []), text body: 
Your operation OP-2026-00017 has been updated to status: SUBMITTED_TO_CUSTOMS.

Please log in to the Janus platform for more details.

html body: 
<empty>
2026-02-26 00:07:48,712 INFO  [com.jan.not.inf.EmailNotificationAdapter] (executor-thread-2) Sending email to info@demoimport.com: Operation OP-2026-00017 - Status Update
2026-02-26 00:07:48,712 INFO  [quarkus-mailer] (executor-thread-2) Sending email Operation OP-2026-00017 - Status Update from null to [info@demoimport.com] (cc: [], bcc: []), text body: 
Your operation OP-2026-00017 has been updated to status: VALUATION_REVIEW.

Please log in to the Janus platform for more details.

html body: 
<empty>
2026-02-26 00:07:48,847 INFO  [com.jan.not.inf.EmailNotificationAdapter] (executor-thread-2) Sending email to info@demoimport.com: Operation OP-2026-00017 - Status Update
2026-02-26 00:07:48,847 INFO  [quarkus-mailer] (executor-thread-2) Sending email Operation OP-2026-00017 - Status Update from null to [info@demoimport.com] (cc: [], bcc: []), text body: 
Your operation OP-2026-00017 has been updated to status: PAYMENT_PREPARATION.

Please log in to the Janus platform for more details.

html body: 
<empty>
2026-02-26 00:07:48,916 INFO  [com.jan.not.inf.EmailNotificationAdapter] (executor-thread-2) Sending email to info@demoimport.com: Operation OP-2026-00017 - Status Update
2026-02-26 00:07:48,916 INFO  [quarkus-mailer] (executor-thread-2) Sending email Operation OP-2026-00017 - Status Update from null to [info@demoimport.com] (cc: [], bcc: []), text body: 
Your operation OP-2026-00017 has been updated to status: IN_TRANSIT.

Please log in to the Janus platform for more details.

html body: 
<empty>
2026-02-26 00:07:48,985 INFO  [com.jan.not.inf.EmailNotificationAdapter] (executor-thread-2) Sending email to info@demoimport.com: Operation OP-2026-00017 - Status Update
2026-02-26 00:07:48,985 INFO  [quarkus-mailer] (executor-thread-2) Sending email Operation OP-2026-00017 - Status Update from null to [info@demoimport.com] (cc: [], bcc: []), text body: 
Your operation OP-2026-00017 has been updated to status: CLOSED.

Please log in to the Janus platform for more details.

html body: 
<empty>
]]></system-out>
  <system-err><![CDATA[]]></system-err>
</testsuite>
