<?xml version="1.0" encoding="UTF-8"?>
<testsuite name="com.janus.compliance.api.ComplianceRuleConfigResourceTest" tests="18" skipped="0" failures="0" errors="0" timestamp="2026-02-26T04:07:57.956Z" hostname="Franmens-Mac-mini.local" time="1.195">
  <properties/>
  <testcase name="testListRequiresAuth()" classname="com.janus.compliance.api.ComplianceRuleConfigResourceTest" time="0.002"/>
  <testcase name="testAgentCannotAccessConfig()" classname="com.janus.compliance.api.ComplianceRuleConfigResourceTest" time="0.067"/>
  <testcase name="testClientCannotAccessConfig()" classname="com.janus.compliance.api.ComplianceRuleConfigResourceTest" time="0.067"/>
  <testcase name="testAccountingCannotAccessConfig()" classname="com.janus.compliance.api.ComplianceRuleConfigResourceTest" time="0.071"/>
  <testcase name="testCarrierCannotAccessConfig()" classname="com.janus.compliance.api.ComplianceRuleConfigResourceTest" time="0.068"/>
  <testcase name="testListAllConfigs()" classname="com.janus.compliance.api.ComplianceRuleConfigResourceTest" time="0.072"/>
  <testcase name="testGetByRuleCode()" classname="com.janus.compliance.api.ComplianceRuleConfigResourceTest" time="0.071"/>
  <testcase name="testGetByNonExistentRuleCodeReturnsEmptyList()" classname="com.janus.compliance.api.ComplianceRuleConfigResourceTest" time="0.067"/>
  <testcase name="testCreateConfig()" classname="com.janus.compliance.api.ComplianceRuleConfigResourceTest" time="0.079"/>
  <testcase name="testCreatedConfigAppearsInList()" classname="com.janus.compliance.api.ComplianceRuleConfigResourceTest" time="0.075"/>
  <testcase name="testUpdateConfig()" classname="com.janus.compliance.api.ComplianceRuleConfigResourceTest" time="0.073"/>
  <testcase name="testUpdateConfigNullDescriptionKeepsOriginal()" classname="com.janus.compliance.api.ComplianceRuleConfigResourceTest" time="0.075"/>
  <testcase name="testUpdateNonExistentConfigReturns404()" classname="com.janus.compliance.api.ComplianceRuleConfigResourceTest" time="0.069"/>
  <testcase name="testDeleteNonExistentConfigReturns404()" classname="com.janus.compliance.api.ComplianceRuleConfigResourceTest" time="0.067"/>
  <testcase name="testDeleteConfig()" classname="com.janus.compliance.api.ComplianceRuleConfigResourceTest" time="0.063"/>
  <testcase name="testDeletedConfigNoLongerExists()" classname="com.janus.compliance.api.ComplianceRuleConfigResourceTest" time="0.068"/>
  <testcase name="testAgentCannotCreateConfig()" classname="com.janus.compliance.api.ComplianceRuleConfigResourceTest" time="0.067"/>
  <testcase name="testClientCannotDeleteConfig()" classname="com.janus.compliance.api.ComplianceRuleConfigResourceTest" time="0.064"/>
  <system-out><![CDATA[]]></system-out>
  <system-err><![CDATA[]]></system-err>
</testsuite>
