<?xml version="1.0" encoding="UTF-8"?>
<testsuite name="com.janus.ComplianceValidationTest" tests="8" skipped="0" failures="0" errors="0" timestamp="2026-02-26T04:07:33.260Z" hostname="Franmens-Mac-mini.local" time="0.695">
  <properties/>
  <testcase name="testSetupOperation()" classname="com.janus.ComplianceValidationTest" time="0.077"/>
  <testcase name="testBlockedTransitionWithoutDocs()" classname="com.janus.ComplianceValidationTest" time="0.084"/>
  <testcase name="testDryRunEndpoint()" classname="com.janus.ComplianceValidationTest" time="0.08"/>
  <testcase name="testDryRunEndpointReturnsSpecificErrors()" classname="com.janus.ComplianceValidationTest" time="0.076"/>
  <testcase name="testCancelledTransitionBypassesCompliance()" classname="com.janus.ComplianceValidationTest" time="0.084"/>
  <testcase name="testMARITIMERequiresCertificate()" classname="com.janus.ComplianceValidationTest" time="0.154"/>
  <testcase name="testCarrierCannotAccessCompliance()" classname="com.janus.ComplianceValidationTest" time="0.069"/>
  <testcase name="testAccountingCannotAccessCompliance()" classname="com.janus.ComplianceValidationTest" time="0.069"/>
  <system-out><![CDATA[2026-02-26 00:07:33,655 INFO  [com.jan.not.inf.EmailNotificationAdapter] (executor-thread-1) Sending email to info@demoimport.com: Operation OP-2026-00003 - Status Update
2026-02-26 00:07:33,658 INFO  [quarkus-mailer] (executor-thread-1) Sending email Operation OP-2026-00003 - Status Update from null to [info@demoimport.com] (cc: [], bcc: []), text body: 
Your operation OP-2026-00003 has been updated to status: CANCELLED.

Please log in to the Janus platform for more details.

html body: 
<empty>
]]></system-out>
  <system-err><![CDATA[]]></system-err>
</testsuite>
