<?xml version="1.0" encoding="UTF-8"?>
<testsuite name="com.janus.DeclarationResourceTest" tests="15" skipped="0" failures="0" errors="0" timestamp="2026-02-26T04:07:34.477Z" hostname="Franmens-Mac-mini.local" time="1.401">
  <properties/>
  <testcase name="testSetup()" classname="com.janus.DeclarationResourceTest" time="0.076"/>
  <testcase name="testRegisterPreliminaryDeclaration()" classname="com.janus.DeclarationResourceTest" time="0.088"/>
  <testcase name="testDuplicatePreliminaryRejected()" classname="com.janus.DeclarationResourceTest" time="0.071"/>
  <testcase name="testRegisterFinalDeclaration()" classname="com.janus.DeclarationResourceTest" time="0.078"/>
  <testcase name="testListDeclarations()" classname="com.janus.DeclarationResourceTest" time="0.098"/>
  <testcase name="testGetDeclarationById()" classname="com.janus.DeclarationResourceTest" time="0.073"/>
  <testcase name="testAddTariffLineToPreliminary()" classname="com.janus.DeclarationResourceTest" time="0.077"/>
  <testcase name="testAddTariffLineToFinal()" classname="com.janus.DeclarationResourceTest" time="0.071"/>
  <testcase name="testGetTariffLines()" classname="com.janus.DeclarationResourceTest" time="0.075"/>
  <testcase name="testExecuteCrossingWithDiscrepancies()" classname="com.janus.DeclarationResourceTest" time="0.094"/>
  <testcase name="testGetCrossingResult()" classname="com.janus.DeclarationResourceTest" time="0.077"/>
  <testcase name="testResolveCrossing()" classname="com.janus.DeclarationResourceTest" time="0.08"/>
  <testcase name="testClientCanViewCrossing()" classname="com.janus.DeclarationResourceTest" time="0.07"/>
  <testcase name="testClientCannotRegisterDeclaration()" classname="com.janus.DeclarationResourceTest" time="0.067"/>
  <testcase name="testCrossingWithMatch()" classname="com.janus.DeclarationResourceTest" time="0.297"/>
  <system-out><![CDATA[2026-02-26 00:07:35,266 INFO  [com.jan.not.inf.EmailNotificationAdapter] (executor-thread-1) Sending email to info@demoimport.com: Crossing Discrepancy Detected - OP-2026-00005
2026-02-26 00:07:35,267 INFO  [quarkus-mailer] (executor-thread-1) Sending email Crossing Discrepancy Detected - OP-2026-00005 from null to [info@demoimport.com] (cc: [], bcc: []), text body: 
Discrepancies were found between preliminary and final declarations for operation OP-2026-00005. Please review.
html body: 
<empty>
]]></system-out>
  <system-err><![CDATA[]]></system-err>
</testsuite>
