<?xml version="1.0" encoding="UTF-8"?>
<testsuite name="com.janus.ClientResourceTest" tests="14" skipped="0" failures="0" errors="0" timestamp="2026-02-26T04:07:31.753Z" hostname="Franmens-Mac-mini.local" time="1.058">
  <properties/>
  <testcase name="testListRequiresAuth()" classname="com.janus.ClientResourceTest" time="0.005"/>
  <testcase name="testClientRoleCannotListClients()" classname="com.janus.ClientResourceTest" time="0.068"/>
  <testcase name="testAccountingCannotListClients()" classname="com.janus.ClientResourceTest" time="0.069"/>
  <testcase name="testCarrierCannotListClients()" classname="com.janus.ClientResourceTest" time="0.07"/>
  <testcase name="testAdminCanListClients()" classname="com.janus.ClientResourceTest" time="0.076"/>
  <testcase name="testAgentCanListClients()" classname="com.janus.ClientResourceTest" time="0.073"/>
  <testcase name="testGetClientById()" classname="com.janus.ClientResourceTest" time="0.163"/>
  <testcase name="testGetNonExistentClient()" classname="com.janus.ClientResourceTest" time="0.073"/>
  <testcase name="testCreateClient()" classname="com.janus.ClientResourceTest" time="0.093"/>
  <testcase name="testUpdateClient()" classname="com.janus.ClientResourceTest" time="0.078"/>
  <testcase name="testAgentCannotCreateClient()" classname="com.janus.ClientResourceTest" time="0.069"/>
  <testcase name="testClientRoleCannotCreateClient()" classname="com.janus.ClientResourceTest" time="0.07"/>
  <testcase name="testCreateClientMissingName()" classname="com.janus.ClientResourceTest" time="0.075"/>
  <testcase name="testCreateClientInvalidEmail()" classname="com.janus.ClientResourceTest" time="0.069"/>
  <system-out><![CDATA[]]></system-out>
  <system-err><![CDATA[]]></system-err>
</testsuite>
