<?xml version="1.0" encoding="UTF-8"?>
<testsuite name="com.janus.UserResourceTest" tests="13" skipped="0" failures="0" errors="0" timestamp="2026-02-26T04:07:52.168Z" hostname="Franmens-Mac-mini.local" time="0.837">
  <properties/>
  <testcase name="testListRequiresAuth()" classname="com.janus.UserResourceTest" time="0.002"/>
  <testcase name="testAgentCannotListUsers()" classname="com.janus.UserResourceTest" time="0.066"/>
  <testcase name="testClientCannotListUsers()" classname="com.janus.UserResourceTest" time="0.066"/>
  <testcase name="testMeRequiresAuth()" classname="com.janus.UserResourceTest" time="0.003"/>
  <testcase name="testMeAsAdmin()" classname="com.janus.UserResourceTest" time="0.076"/>
  <testcase name="testMeAsAgent()" classname="com.janus.UserResourceTest" time="0.071"/>
  <testcase name="testMeAsAccounting()" classname="com.janus.UserResourceTest" time="0.073"/>
  <testcase name="testMeAsClient()" classname="com.janus.UserResourceTest" time="0.071"/>
  <testcase name="testMeAsCarrier()" classname="com.janus.UserResourceTest" time="0.071"/>
  <testcase name="testAdminCanListUsers()" classname="com.janus.UserResourceTest" time="0.068"/>
  <testcase name="testAdminCanCreateUser()" classname="com.janus.UserResourceTest" time="0.133"/>
  <testcase name="testAgentCannotCreateUser()" classname="com.janus.UserResourceTest" time="0.066"/>
  <testcase name="testCreateUserMissingFields()" classname="com.janus.UserResourceTest" time="0.067"/>
  <system-out><![CDATA[]]></system-out>
  <system-err><![CDATA[]]></system-err>
</testsuite>
