<?xml version="1.0" encoding="UTF-8"?>
<testsuite name="com.janus.AlertResourceTest" tests="8" skipped="0" failures="0" errors="0" timestamp="2026-02-26T04:07:29.621Z" hostname="Franmens-Mac-mini.local" time="1.449">
  <properties/>
  <testcase name="testSetupAndCreateAlert()" classname="com.janus.AlertResourceTest" time="0.88"/>
  <testcase name="testGetActiveAlerts()" classname="com.janus.AlertResourceTest" time="0.102"/>
  <testcase name="testGetAlertsByOperation()" classname="com.janus.AlertResourceTest" time="0.092"/>
  <testcase name="testAcknowledgeAlert()" classname="com.janus.AlertResourceTest" time="0.088"/>
  <testcase name="testAcknowledgeAlreadyAcknowledged()" classname="com.janus.AlertResourceTest" time="0.074"/>
  <testcase name="testClientCannotAccessAlerts()" classname="com.janus.AlertResourceTest" time="0.069"/>
  <testcase name="testAccountingCanViewOperationAlerts()" classname="com.janus.AlertResourceTest" time="0.073"/>
  <testcase name="testCarrierCannotAccessAlerts()" classname="com.janus.AlertResourceTest" time="0.068"/>
  <system-out><![CDATA[2026-02-26 00:07:27,758 INFO  [org.hib.jpa.int.uti.LogHelper] (Test worker) HHH000204: Processing PersistenceUnitInfo [name: <default>]
2026-02-26 00:07:27,841 INFO  [org.hib.Version] (Test worker) HHH000412: Hibernate ORM core version 7.1.14.Final
2026-02-26 00:07:27,964 INFO  [org.hib.orm.con.pooling] (Test worker) HHH10001005: Database info:
	Database JDBC URL [undefined/unknown]
	Database driver: undefined/unknown
	Database dialect: H2Dialect
	Database version: 2.3.230
	Default catalog/schema: unknown/unknown
	Autocommit mode: undefined/unknown
	Isolation level: <unknown>
	JDBC fetch size: undefined/unknown
	Pool: undefined/unknown
	Minimum pool size: undefined/unknown
	Maximum pool size: undefined/unknown
2026-02-26 00:07:28,129 INFO  [org.hib.val.int.uti.Version] (Test worker) HV000001: Hibernate Validator 9.0.1.Final
2026-02-26 00:07:28,336 WARN  [io.qua.config] (Test worker) The "quarkus.http.cors" config property is deprecated and should not be used anymore.
2026-02-26 00:07:29,012 INFO  [com.jan.ale.app.AlertCheckerScheduler] (executor-thread-1) Running alert checks...
2026-02-26 00:07:29,147 INFO  [com.jan.sha.inf.DataSeeder] (Test worker) Seeding initial data...
2026-02-26 00:07:29,542 INFO  [com.jan.sha.inf.DataSeeder] (Test worker) Data seeding complete.
2026-02-26 00:07:29,544 INFO  [com.jan.sha.inf.DataSeeder] (Test worker) Seeding compliance rule configs...
2026-02-26 00:07:29,547 INFO  [com.jan.sha.inf.DataSeeder] (Test worker) Compliance rule config seeding complete.
2026-02-26 00:07:29,613 INFO  [io.quarkus] (Test worker) janus-backend 1.0.0-SNAPSHOT on JVM (powered by Quarkus 3.27.2) started in 5.087s. Listening on: http://localhost:8081
2026-02-26 00:07:29,613 INFO  [io.quarkus] (Test worker) Profile test activated. 
2026-02-26 00:07:29,614 INFO  [io.quarkus] (Test worker) Installed features: [agroal, cdi, compose, hibernate-orm, hibernate-orm-panache, hibernate-validator, jdbc-h2, jdbc-postgresql, mailer, narayana-jta, qute, rest, rest-jackson, scheduler, security, security-jpa, smallrye-context-propagation, smallrye-openapi, swagger-ui, vertx]
]]></system-out>
  <system-err><![CDATA[]]></system-err>
</testsuite>
