<?xml version="1.0" encoding="UTF-8"?>
<testsuite name="com.janus.InspectionResourceTest" tests="16" skipped="0" failures="0" errors="0" timestamp="2026-02-26T04:07:41.703Z" hostname="Franmens-Mac-mini.local" time="3.191">
  <properties/>
  <testcase name="testSetupOperation()" classname="com.janus.InspectionResourceTest" time="1.009"/>
  <testcase name="testSetInspectionType()" classname="com.janus.InspectionResourceTest" time="0.138"/>
  <testcase name="testClientCannotSetInspectionType()" classname="com.janus.InspectionResourceTest" time="0.067"/>
  <testcase name="testAddExpense()" classname="com.janus.InspectionResourceTest" time="0.08"/>
  <testcase name="testListExpenses()" classname="com.janus.InspectionResourceTest" time="0.087"/>
  <testcase name="testAccountingCanListExpenses()" classname="com.janus.InspectionResourceTest" time="0.069"/>
  <testcase name="testUpdateExpense()" classname="com.janus.InspectionResourceTest" time="0.08"/>
  <testcase name="testDeleteExpense()" classname="com.janus.InspectionResourceTest" time="0.068"/>
  <testcase name="testClientCannotAddExpense()" classname="com.janus.InspectionResourceTest" time="0.067"/>
  <testcase name="testUploadPhoto()" classname="com.janus.InspectionResourceTest" time="0.081"/>
  <testcase name="testListPhotos()" classname="com.janus.InspectionResourceTest" time="0.072"/>
  <testcase name="testClientCanListPhotos()" classname="com.janus.InspectionResourceTest" time="0.066"/>
  <testcase name="testClientCannotUploadPhoto()" classname="com.janus.InspectionResourceTest" time="0.064"/>
  <testcase name="testDownloadPhoto()" classname="com.janus.InspectionResourceTest" time="0.069"/>
  <testcase name="testCannotSetInspectionTypeOnDraftOperation()" classname="com.janus.InspectionResourceTest" time="0.136"/>
  <testcase name="testExpresoInspectionCannotUploadPhotos()" classname="com.janus.InspectionResourceTest" time="1.032"/>
  <system-out><![CDATA[2026-02-26 00:07:41,871 INFO  [com.jan.doc.inf.sto.LocalStorageService] (executor-thread-1) File stored: ./storage/OP-2026-00011/b7a368e5-b337-47a0-90d5-c6268eb19bf7_test-doc12596454321698672087.pdf
2026-02-26 00:07:41,941 INFO  [com.jan.doc.inf.sto.LocalStorageService] (executor-thread-2) File stored: ./storage/OP-2026-00011/d3c6fcc0-2f4f-4af3-a552-4fae9fb8c705_test-doc11699733701793269969.pdf
2026-02-26 00:07:42,013 INFO  [com.jan.doc.inf.sto.LocalStorageService] (executor-thread-1) File stored: ./storage/OP-2026-00011/e5fe29cf-51fa-40cd-86ff-e5af591a277f_test-doc9430494163063963338.pdf
2026-02-26 00:07:42,297 INFO  [com.jan.not.inf.EmailNotificationAdapter] (executor-thread-2) Sending email to info@demoimport.com: Operation OP-2026-00011 - Status Update
2026-02-26 00:07:42,297 INFO  [quarkus-mailer] (executor-thread-2) Sending email Operation OP-2026-00011 - Status Update from null to [info@demoimport.com] (cc: [], bcc: []), text body: 
Your operation OP-2026-00011 has been updated to status: DOCUMENTATION_COMPLETE.

Please log in to the Janus platform for more details.

html body: 
<empty>
2026-02-26 00:07:42,365 INFO  [com.jan.not.inf.EmailNotificationAdapter] (executor-thread-2) Sending email to info@demoimport.com: Operation OP-2026-00011 - Status Update
2026-02-26 00:07:42,365 INFO  [quarkus-mailer] (executor-thread-2) Sending email Operation OP-2026-00011 - Status Update from null to [info@demoimport.com] (cc: [], bcc: []), text body: 
Your operation OP-2026-00011 has been updated to status: IN_REVIEW.

Please log in to the Janus platform for more details.

html body: 
<empty>
2026-02-26 00:07:42,434 INFO  [com.jan.not.inf.EmailNotificationAdapter] (executor-thread-2) Sending email to info@demoimport.com: Operation OP-2026-00011 - Status Update
2026-02-26 00:07:42,434 INFO  [quarkus-mailer] (executor-thread-2) Sending email Operation OP-2026-00011 - Status Update from null to [info@demoimport.com] (cc: [], bcc: []), text body: 
Your operation OP-2026-00011 has been updated to status: PRELIQUIDATION_REVIEW.

Please log in to the Janus platform for more details.

html body: 
<empty>
2026-02-26 00:07:42,502 INFO  [com.jan.not.inf.EmailNotificationAdapter] (executor-thread-2) Sending email to info@demoimport.com: Operation OP-2026-00011 - Status Update
2026-02-26 00:07:42,503 INFO  [quarkus-mailer] (executor-thread-2) Sending email Operation OP-2026-00011 - Status Update from null to [info@demoimport.com] (cc: [], bcc: []), text body: 
Your operation OP-2026-00011 has been updated to status: ANALYST_ASSIGNED.

Please log in to the Janus platform for more details.

html body: 
<empty>
2026-02-26 00:07:42,572 INFO  [com.jan.not.inf.EmailNotificationAdapter] (executor-thread-2) Sending email to info@demoimport.com: Operation OP-2026-00011 - Status Update
2026-02-26 00:07:42,572 INFO  [quarkus-mailer] (executor-thread-2) Sending email Operation OP-2026-00011 - Status Update from null to [info@demoimport.com] (cc: [], bcc: []), text body: 
Your operation OP-2026-00011 has been updated to status: DECLARATION_IN_PROGRESS.

Please log in to the Janus platform for more details.

html body: 
<empty>
2026-02-26 00:07:42,641 INFO  [com.jan.not.inf.EmailNotificationAdapter] (executor-thread-2) Sending email to info@demoimport.com: Operation OP-2026-00011 - Status Update
2026-02-26 00:07:42,641 INFO  [quarkus-mailer] (executor-thread-2) Sending email Operation OP-2026-00011 - Status Update from null to [info@demoimport.com] (cc: [], bcc: []), text body: 
Your operation OP-2026-00011 has been updated to status: SUBMITTED_TO_CUSTOMS.

Please log in to the Janus platform for more details.

html body: 
<empty>
2026-02-26 00:07:42,985 INFO  [com.jan.ins.app.InspectionService] (executor-thread-2) Expense added for operation 11 by admin: 250.00 USD
2026-02-26 00:07:43,438 INFO  [com.jan.doc.inf.sto.LocalStorageService] (executor-thread-2) File stored: ./storage/OP-2026-00011/inspection/d64fd7ce-c65c-458b-81f5-bb7672382ccf_test-photo7808806088823121968.jpg
2026-02-26 00:07:43,439 INFO  [com.jan.not.inf.EmailNotificationAdapter] (executor-thread-2) Sending email to info@demoimport.com: Inspection Photo Uploaded - OP-2026-00011
2026-02-26 00:07:43,439 INFO  [quarkus-mailer] (executor-thread-2) Sending email Inspection Photo Uploaded - OP-2026-00011 from null to [info@demoimport.com] (cc: [], bcc: []), text body: 
An inspection photo has been uploaded for operation OP-2026-00011. Please log in to the Janus platform for more details.
html body: 
<empty>
2026-02-26 00:07:43,440 INFO  [com.jan.not.inf.EmailNotificationAdapter] (executor-thread-2) Sending email to customs-team@janus.com: Inspection Photo Uploaded - OP-2026-00011
2026-02-26 00:07:43,440 INFO  [quarkus-mailer] (executor-thread-2) Sending email Inspection Photo Uploaded - OP-2026-00011 from null to [customs-team@janus.com] (cc: [], bcc: []), text body: 
An inspection photo (test-photo7808806088823121968.jpg) has been uploaded for operation OP-2026-00011 by admin.
html body: 
<empty>
2026-02-26 00:07:44,000 INFO  [com.jan.doc.inf.sto.LocalStorageService] (executor-thread-1) File stored: ./storage/OP-2026-00013/4d100392-ed15-4905-8fe4-7ade96cc9b02_test-doc17988841315846706111.pdf
2026-02-26 00:07:44,068 INFO  [com.jan.doc.inf.sto.LocalStorageService] (executor-thread-2) File stored: ./storage/OP-2026-00013/9331aa27-2158-418f-b4b5-f4fe952c42ff_test-doc10784054215694416120.pdf
2026-02-26 00:07:44,137 INFO  [com.jan.doc.inf.sto.LocalStorageService] (executor-thread-1) File stored: ./storage/OP-2026-00013/2e40fdd7-d187-47f8-baa0-862ca731855b_test-doc17234825652905303677.pdf
2026-02-26 00:07:44,410 INFO  [com.jan.not.inf.EmailNotificationAdapter] (executor-thread-2) Sending email to info@demoimport.com: Operation OP-2026-00013 - Status Update
2026-02-26 00:07:44,410 INFO  [quarkus-mailer] (executor-thread-2) Sending email Operation OP-2026-00013 - Status Update from null to [info@demoimport.com] (cc: [], bcc: []), text body: 
Your operation OP-2026-00013 has been updated to status: DOCUMENTATION_COMPLETE.

Please log in to the Janus platform for more details.

html body: 
<empty>
2026-02-26 00:07:44,478 INFO  [com.jan.not.inf.EmailNotificationAdapter] (executor-thread-2) Sending email to info@demoimport.com: Operation OP-2026-00013 - Status Update
2026-02-26 00:07:44,479 INFO  [quarkus-mailer] (executor-thread-2) Sending email Operation OP-2026-00013 - Status Update from null to [info@demoimport.com] (cc: [], bcc: []), text body: 
Your operation OP-2026-00013 has been updated to status: IN_REVIEW.

Please log in to the Janus platform for more details.

html body: 
<empty>
2026-02-26 00:07:44,547 INFO  [com.jan.not.inf.EmailNotificationAdapter] (executor-thread-2) Sending email to info@demoimport.com: Operation OP-2026-00013 - Status Update
2026-02-26 00:07:44,547 INFO  [quarkus-mailer] (executor-thread-2) Sending email Operation OP-2026-00013 - Status Update from null to [info@demoimport.com] (cc: [], bcc: []), text body: 
Your operation OP-2026-00013 has been updated to status: PRELIQUIDATION_REVIEW.

Please log in to the Janus platform for more details.

html body: 
<empty>
2026-02-26 00:07:44,616 INFO  [com.jan.not.inf.EmailNotificationAdapter] (executor-thread-2) Sending email to info@demoimport.com: Operation OP-2026-00013 - Status Update
2026-02-26 00:07:44,616 INFO  [quarkus-mailer] (executor-thread-2) Sending email Operation OP-2026-00013 - Status Update from null to [info@demoimport.com] (cc: [], bcc: []), text body: 
Your operation OP-2026-00013 has been updated to status: ANALYST_ASSIGNED.

Please log in to the Janus platform for more details.

html body: 
<empty>
2026-02-26 00:07:44,684 INFO  [com.jan.not.inf.EmailNotificationAdapter] (executor-thread-2) Sending email to info@demoimport.com: Operation OP-2026-00013 - Status Update
2026-02-26 00:07:44,684 INFO  [quarkus-mailer] (executor-thread-2) Sending email Operation OP-2026-00013 - Status Update from null to [info@demoimport.com] (cc: [], bcc: []), text body: 
Your operation OP-2026-00013 has been updated to status: DECLARATION_IN_PROGRESS.

Please log in to the Janus platform for more details.

html body: 
<empty>
2026-02-26 00:07:44,753 INFO  [com.jan.not.inf.EmailNotificationAdapter] (executor-thread-2) Sending email to info@demoimport.com: Operation OP-2026-00013 - Status Update
2026-02-26 00:07:44,753 INFO  [quarkus-mailer] (executor-thread-2) Sending email Operation OP-2026-00013 - Status Update from null to [info@demoimport.com] (cc: [], bcc: []), text body: 
Your operation OP-2026-00013 has been updated to status: SUBMITTED_TO_CUSTOMS.

Please log in to the Janus platform for more details.

html body: 
<empty>
2026-02-26 00:07:44,824 INFO  [com.jan.not.inf.EmailNotificationAdapter] (executor-thread-2) Sending email to info@demoimport.com: Operation OP-2026-00013 - Status Update
2026-02-26 00:07:44,824 INFO  [quarkus-mailer] (executor-thread-2) Sending email Operation OP-2026-00013 - Status Update from null to [info@demoimport.com] (cc: [], bcc: []), text body: 
Your operation OP-2026-00013 has been updated to status: VALUATION_REVIEW.

Please log in to the Janus platform for more details.

html body: 
<empty>
]]></system-out>
  <system-err><![CDATA[]]></system-err>
</testsuite>
