<?xml version="1.0" encoding="UTF-8"?>
<testsuite name="com.janus.AuditResourceTest" tests="10" skipped="0" failures="0" errors="0" timestamp="2026-02-26T04:07:31.072Z" hostname="Franmens-Mac-mini.local" time="0.68">
  <properties/>
  <testcase name="testListRequiresAuth()" classname="com.janus.AuditResourceTest" time="0.004"/>
  <testcase name="testAgentCannotListAll()" classname="com.janus.AuditResourceTest" time="0.068"/>
  <testcase name="testClientCannotListAll()" classname="com.janus.AuditResourceTest" time="0.072"/>
  <testcase name="testAccountingCannotListAll()" classname="com.janus.AuditResourceTest" time="0.082"/>
  <testcase name="testCarrierCannotListAll()" classname="com.janus.AuditResourceTest" time="0.072"/>
  <testcase name="testAdminCanListAll()" classname="com.janus.AuditResourceTest" time="0.083"/>
  <testcase name="testAdminCanFilterByUsername()" classname="com.janus.AuditResourceTest" time="0.079"/>
  <testcase name="testAdminCanGetByOperation()" classname="com.janus.AuditResourceTest" time="0.072"/>
  <testcase name="testAgentCanGetByOperation()" classname="com.janus.AuditResourceTest" time="0.07"/>
  <testcase name="testAccountingCannotGetByOperation()" classname="com.janus.AuditResourceTest" time="0.069"/>
  <system-out><![CDATA[]]></system-out>
  <system-err><![CDATA[]]></system-err>
</testsuite>
