<?xml version="1.0" encoding="UTF-8"?>
<testsuite name="com.janus.TimelineResourceTest" tests="5" skipped="0" failures="0" errors="0" timestamp="2026-02-26T04:07:51.451Z" hostname="Franmens-Mac-mini.local" time="0.716">
  <properties/>
  <testcase name="testSetup()" classname="com.janus.TimelineResourceTest" time="0.413"/>
  <testcase name="testGetFullTimeline()" classname="com.janus.TimelineResourceTest" time="0.077"/>
  <testcase name="testFilterByStatusChange()" classname="com.janus.TimelineResourceTest" time="0.087"/>
  <testcase name="testFilterByComment()" classname="com.janus.TimelineResourceTest" time="0.07"/>
  <testcase name="testAccountingCanViewTimeline()" classname="com.janus.TimelineResourceTest" time="0.067"/>
  <system-out><![CDATA[2026-02-26 00:07:51,589 INFO  [com.jan.doc.inf.sto.LocalStorageService] (executor-thread-2) File stored: ./storage/OP-2026-00021/e51e3a34-751f-4654-bfe6-eccea5edef8b_test-doc232741050279769824.pdf
2026-02-26 00:07:51,660 INFO  [com.jan.doc.inf.sto.LocalStorageService] (executor-thread-1) File stored: ./storage/OP-2026-00021/c4f0ccd3-ad4b-4ab3-b2d7-c8794fa410bd_test-doc13041766334555960964.pdf
2026-02-26 00:07:51,728 INFO  [com.jan.doc.inf.sto.LocalStorageService] (executor-thread-2) File stored: ./storage/OP-2026-00021/5372a40c-a6dc-4ef4-8596-c1b19fb1239b_test-doc17439084396807324769.pdf
2026-02-26 00:07:51,796 INFO  [com.jan.not.inf.EmailNotificationAdapter] (executor-thread-1) Sending email to info@demoimport.com: Operation OP-2026-00021 - Status Update
2026-02-26 00:07:51,797 INFO  [quarkus-mailer] (executor-thread-1) Sending email Operation OP-2026-00021 - Status Update from null to [info@demoimport.com] (cc: [], bcc: []), text body: 
Your operation OP-2026-00021 has been updated to status: DOCUMENTATION_COMPLETE.

Please log in to the Janus platform for more details.

html body: 
<empty>
]]></system-out>
  <system-err><![CDATA[]]></system-err>
</testsuite>
